sample.interval=20000
"paste" "deparse1" "force" "as.data.frame.numeric" "as.data.frame" "data.frame" "summaryRprof" 
"gc" "system.time" 
"La.svd" "svd" "system.time" 
"La.svd" "svd" "system.time" 
"La.svd" "svd" "system.time" 
"La.svd" "svd" "system.time" 
"La.svd" "svd" "system.time" 
"La.svd" "svd" "system.time" 
"La.svd" "svd" "system.time" 
"La.svd" "svd" "system.time" 
"La.svd" "svd" "system.time" 
"La.svd" "svd" "system.time" 
"La.svd" "svd" "system.time" 
"La.svd" "svd" "system.time" 
"La.svd" "svd" "system.time" 
"La.svd" "svd" "system.time" 
"La.svd" "svd" "system.time" 
"La.svd" "svd" "system.time" 
"La.svd" "svd" "system.time" 
"La.svd" "svd" "system.time" 
"La.svd" "svd" "system.time" 
"La.svd" "svd" "system.time" 
"La.svd" "svd" "system.time" 
"La.svd" "svd" "system.time" 
"La.svd" "svd" "system.time" 
"La.svd" "svd" "system.time" 
"La.svd" "svd" "system.time" 
"La.svd" "svd" "system.time" 
"La.svd" "svd" "system.time" 
"La.svd" "svd" "system.time" 
"La.svd" "svd" "system.time" 
"La.svd" "svd" "system.time" 
"La.svd" "svd" "system.time" 
"La.svd" "svd" "system.time" 
"La.svd" "svd" "system.time" 
"La.svd" "svd" "system.time" 
"La.svd" "svd" "system.time" 
"La.svd" "svd" "system.time" 
"La.svd" "svd" "system.time" 
"La.svd" "svd" "system.time" 
"La.svd" "svd" "system.time" 
"La.svd" "svd" "system.time" 
"La.svd" "svd" "system.time" 
"La.svd" "svd" "system.time" 
"La.svd" "svd" "system.time" 
"La.svd" "svd" "system.time" 
"La.svd" "svd" "system.time" 
"La.svd" "svd" "system.time" 
"La.svd" "svd" "system.time" 
"La.svd" "svd" "system.time" 
"La.svd" "svd" "system.time" 
"La.svd" "svd" "system.time" 
"La.svd" "svd" "system.time" 
"La.svd" "svd" "system.time" 
"La.svd" "svd" "system.time" 
"La.svd" "svd" "system.time" 
"La.svd" "svd" "system.time" 
"La.svd" "svd" "system.time" 
"La.svd" "svd" "system.time" 
"La.svd" "svd" "system.time" 
"La.svd" "svd" "system.time" 
"La.svd" "svd" "system.time" 
"La.svd" "svd" "system.time" 
"La.svd" "svd" "system.time" 
"La.svd" "svd" "system.time" 
"La.svd" "svd" "system.time" 
"La.svd" "svd" "system.time" 
"La.svd" "svd" "system.time" 
"La.svd" "svd" "system.time" 
"La.svd" "svd" "system.time" 
"La.svd" "svd" "system.time" 
"La.svd" "svd" "system.time" 
"La.svd" "svd" "system.time" 
"La.svd" "svd" "system.time" 
"La.svd" "svd" "system.time" 
"La.svd" "svd" "system.time" 
"La.svd" "svd" "system.time" 
"La.svd" "svd" "system.time" 
"La.svd" "svd" "system.time" 
"La.svd" "svd" "system.time" 
"La.svd" "svd" "system.time" 
"La.svd" "svd" "system.time" 
"La.svd" "svd" "system.time" 
"La.svd" "svd" "system.time" 
"La.svd" "svd" "system.time" 
"La.svd" "svd" "system.time" 
"any" "svd" 
"La.svd" "svd" 
"La.svd" "svd" 
"La.svd" "svd" 
"La.svd" "svd" 
"La.svd" "svd" 
"La.svd" "svd" 
"La.svd" "svd" 
"La.svd" "svd" 
"La.svd" "svd" 
"La.svd" "svd" 
"La.svd" "svd" 
"La.svd" "svd" 
"La.svd" "svd" 
"La.svd" "svd" 
"La.svd" "svd" 
"La.svd" "svd" 
"La.svd" "svd" 
"La.svd" "svd" 
"La.svd" "svd" 
"La.svd" "svd" 
"La.svd" "svd" 
"La.svd" "svd" 
"La.svd" "svd" 
"La.svd" "svd" 
"La.svd" "svd" 
"La.svd" "svd" 
"La.svd" "svd" 
"La.svd" "svd" 
"La.svd" "svd" 
"La.svd" "svd" 
"La.svd" "svd" 
"La.svd" "svd" 
"La.svd" "svd" 
"La.svd" "svd" 
"La.svd" "svd" 
"La.svd" "svd" 
"La.svd" "svd" 
"La.svd" "svd" 
"La.svd" "svd" 
"La.svd" "svd" 
"La.svd" "svd" 
"La.svd" "svd" 
"La.svd" "svd" 
"La.svd" "svd" 
"La.svd" "svd" 
"La.svd" "svd" 
"La.svd" "svd" 
"La.svd" "svd" 
"La.svd" "svd" 
"La.svd" "svd" 
"La.svd" "svd" 
"La.svd" "svd" 
"La.svd" "svd" 
"La.svd" "svd" 
"La.svd" "svd" 
"La.svd" "svd" 
"La.svd" "svd" 
"La.svd" "svd" 
"La.svd" "svd" 
"La.svd" "svd" 
"La.svd" "svd" 
"La.svd" "svd" 
"La.svd" "svd" 
"La.svd" "svd" 
"La.svd" "svd" 
"La.svd" "svd" 
"La.svd" "svd" 
"La.svd" "svd" 
"La.svd" "svd" 
"La.svd" "svd" 
"La.svd" "svd" 
"La.svd" "svd" 
"La.svd" "svd" 
"La.svd" "svd" 
"La.svd" "svd" 
"La.svd" "svd" 
"La.svd" "svd" 
"La.svd" "svd" 
"La.svd" "svd" 
"La.svd" "svd" 
"La.svd" "svd" 
"La.svd" "svd" 
"La.svd" "svd" 
"matrix" "La.svd" "svd" 
"La.svd" "svd" 
"La.svd" "svd" 
"La.svd" "svd" 
"La.svd" "svd" 
"La.svd" "svd" 
"La.svd" "svd" 
"La.svd" "svd" 
"La.svd" "svd" 
"La.svd" "svd" 
"La.svd" "svd" 
"La.svd" "svd" 
"La.svd" "svd" 
"La.svd" "svd" 
"La.svd" "svd" 
"La.svd" "svd" 
"La.svd" "svd" 
"La.svd" "svd" 
"La.svd" "svd" 
"La.svd" "svd" 
"La.svd" "svd" 
"La.svd" "svd" 
"La.svd" "svd" 
"La.svd" "svd" 
"La.svd" "svd" 
"La.svd" "svd" 
"La.svd" "svd" 
"La.svd" "svd" 
"La.svd" "svd" 
"La.svd" "svd" 
"La.svd" "svd" 
"La.svd" "svd" 
"La.svd" "svd" 
"La.svd" "svd" 
"La.svd" "svd" 
"La.svd" "svd" 
"La.svd" "svd" 
"La.svd" "svd" 
"La.svd" "svd" 
"La.svd" "svd" 
"La.svd" "svd" 
"La.svd" "svd" 
"La.svd" "svd" 
"La.svd" "svd" 
"La.svd" "svd" 
"La.svd" "svd" 
"La.svd" "svd" 
"La.svd" "svd" 
"La.svd" "svd" 
"La.svd" "svd" 
"La.svd" "svd" 
"La.svd" "svd" 
"La.svd" "svd" 
"La.svd" "svd" 
"La.svd" "svd" 
"La.svd" "svd" 
"La.svd" "svd" 
"La.svd" "svd" 
"La.svd" "svd" 
"La.svd" "svd" 
"La.svd" "svd" 
"La.svd" "svd" 
"La.svd" "svd" 
"La.svd" "svd" 
"La.svd" "svd" 
"La.svd" "svd" 
"La.svd" "svd" 
"La.svd" "svd" 
"La.svd" "svd" 
"La.svd" "svd" 
"La.svd" "svd" 
"La.svd" "svd" 
"La.svd" "svd" 
"La.svd" "svd" 
"La.svd" "svd" 
"La.svd" "svd" 
"La.svd" "svd" 
"La.svd" "svd" 
"La.svd" "svd" 
"La.svd" "svd" 
"La.svd" "svd" 
"La.svd" "svd" 
"La.svd" "svd" 
"La.svd" "svd" 
"La.svd" "svd" 
"t.default" "t" "svd" 
"FUN" "lapply" "summaryRprof" 
"ls" "apropos" "normalCompletions" ".completeToken" 
"is.finite" "svd" 
"La.svd" "svd" 
"La.svd" "svd" 
"La.svd" "svd" 
"La.svd" "svd" 
"La.svd" "svd" 
"La.svd" "svd" 
"La.svd" "svd" 
"La.svd" "svd" 
"La.svd" "svd" 
"La.svd" "svd" 
"La.svd" "svd" 
"La.svd" "svd" 
"La.svd" "svd" 
"La.svd" "svd" 
"La.svd" "svd" 
"La.svd" "svd" 
"La.svd" "svd" 
"La.svd" "svd" 
"La.svd" "svd" 
"La.svd" "svd" 
"La.svd" "svd" 
"La.svd" "svd" 
"La.svd" "svd" 
"La.svd" "svd" 
"La.svd" "svd" 
"La.svd" "svd" 
"La.svd" "svd" 
"La.svd" "svd" 
"La.svd" "svd" 
"La.svd" "svd" 
"La.svd" "svd" 
"La.svd" "svd" 
"La.svd" "svd" 
"La.svd" "svd" 
"La.svd" "svd" 
"La.svd" "svd" 
"La.svd" "svd" 
"La.svd" "svd" 
"La.svd" "svd" 
"La.svd" "svd" 
"La.svd" "svd" 
"La.svd" "svd" 
"La.svd" "svd" 
"La.svd" "svd" 
"La.svd" "svd" 
"La.svd" "svd" 
"La.svd" "svd" 
"La.svd" "svd" 
"La.svd" "svd" 
"La.svd" "svd" 
"La.svd" "svd" 
"La.svd" "svd" 
"La.svd" "svd" 
"La.svd" "svd" 
"La.svd" "svd" 
"La.svd" "svd" 
"La.svd" "svd" 
"La.svd" "svd" 
"La.svd" "svd" 
"La.svd" "svd" 
"La.svd" "svd" 
"La.svd" "svd" 
"La.svd" "svd" 
"La.svd" "svd" 
"La.svd" "svd" 
"La.svd" "svd" 
"La.svd" "svd" 
"La.svd" "svd" 
"La.svd" "svd" 
"La.svd" "svd" 
"La.svd" "svd" 
"La.svd" "svd" 
"La.svd" "svd" 
"La.svd" "svd" 
"La.svd" "svd" 
"La.svd" "svd" 
"La.svd" "svd" 
"La.svd" "svd" 
"La.svd" "svd" 
"La.svd" "svd" 
"La.svd" "svd" 
"La.svd" "svd" 
"La.svd" "svd" 
"La.svd" "svd" 
"La.svd" "svd" 
